十月 19, 2020 4:27:03 下午 io.github.yedaxia.apidocs.LogUtils info
信息: info: find java src paths:  [D:\openSource\webSocket\src\main\java\]
十月 19, 2020 4:27:03 下午 io.github.yedaxia.apidocs.LogUtils info
信息: info: project type not set, try to figure out...
十月 19, 2020 4:27:03 下午 io.github.yedaxia.apidocs.LogUtils info
信息: info: start find controllers in path : D:\openSource\webSocket\src\main\java\
十月 19, 2020 4:27:03 下午 io.github.yedaxia.apidocs.LogUtils info
信息: info: find controller file : MessageController.java
十月 19, 2020 4:27:03 下午 io.github.yedaxia.apidocs.LogUtils info
信息: info: find controller file : UserController.java
十月 19, 2020 4:27:03 下午 io.github.yedaxia.apidocs.LogUtils info
信息: info: start to parse controller file : MessageController.java
十月 19, 2020 4:27:03 下午 io.github.yedaxia.apidocs.LogUtils info
信息: info: success to parse controller file : MessageController.java
十月 19, 2020 4:27:03 下午 io.github.yedaxia.apidocs.LogUtils info
信息: info: start to parse controller file : UserController.java
十月 19, 2020 4:27:03 下午 io.github.yedaxia.apidocs.LogUtils info
信息: info: success to parse controller file : UserController.java
十月 19, 2020 4:27:03 下午 io.github.yedaxia.apidocs.LogUtils info
信息: info: generate api docs start...
十月 19, 2020 4:27:03 下午 io.github.yedaxia.apidocs.LogUtils info
信息: info: start to generate docs for controller file : D:\openSource\webSocket\src\main\java\com\sflc\websocket\controller\MessageController.java
十月 19, 2020 4:27:04 下午 io.github.yedaxia.apidocs.LogUtils info
信息: info: success to generate docs for controller file : D:\openSource\webSocket\src\main\java\com\sflc\websocket\controller\MessageController.java
十月 19, 2020 4:27:04 下午 io.github.yedaxia.apidocs.LogUtils info
信息: info: start to generate docs for controller file : D:\openSource\webSocket\src\main\java\com\sflc\websocket\controller\UserController.java
十月 19, 2020 4:27:04 下午 io.github.yedaxia.apidocs.LogUtils info
信息: info: success to generate docs for controller file : D:\openSource\webSocket\src\main\java\com\sflc\websocket\controller\UserController.java
十月 19, 2020 4:27:04 下午 io.github.yedaxia.apidocs.LogUtils info
信息: info: generate index start !!!
十月 19, 2020 4:27:04 下午 io.github.yedaxia.apidocs.LogUtils info
信息: info: generate index done !!!
十月 19, 2020 4:27:04 下午 io.github.yedaxia.apidocs.LogUtils info
信息: info: generate api docs done !!!
